<?xml version="1.0" encoding="UTF-8"?>
<testsuite errors="0" failures="0" hostname="juno" name="org.sample.api.resource.PingResourceTest" tests="1" time="0.15" timestamp="2012-07-30T10:14:36">
  <properties />
  <testcase classname="org.sample.api.resource.PingResourceTest" name="pingReturnsRightMessage" time="0.012" />
  <system-out><![CDATA[]]></system-out>
  <system-err><![CDATA[]]></system-err>
</testsuite>
